12:46:29 PM: DEBUG [Persona.py:53] 
      - Person ID: 1
      - Name: Joan,
      - Lastname: Carrillo
      - Email: jcarrillo@gmail.com
    
12:49:38 PM: DEBUG [Persona.py:53] 
      - Person ID: None
      - Name: Joan,
      - Lastname: Carrillo
      - Email: jcarrillo@gmail.com
    
12:51:09 PM: DEBUG [Persona.py:53] 
      - Person ID: 1
      - Name: Joan
      - Lastname: Carrillo
      - Email: jcarrillo@gmail.com
    
12:51:42 PM: DEBUG [Persona.py:53] 
      - Person ID: 1
      - Name: Joan
      - Lastname: Carrillo
      - Email: jcarrillo@gmail.com
    
12:51:44 PM: DEBUG [Persona.py:53] 
      - Person ID: 1
      - Name: Joan
      - Lastname: Carrillo
      - Email: jcarrillo@gmail.com
    
12:51:44 PM: DEBUG [Persona.py:58] 
      - Person ID: 1
      - Name: None
      - Lastname: None
      - Email: None
    
12:51:45 PM: DEBUG [Persona.py:53] 
      - Person ID: 1
      - Name: Joan
      - Lastname: Carrillo
      - Email: jcarrillo@gmail.com
    
12:51:45 PM: DEBUG [Persona.py:58] 
      - Person ID: 1
      - Name: None
      - Lastname: None
      - Email: None
    
12:51:46 PM: DEBUG [Persona.py:53] 
      - Person ID: 1
      - Name: Joan
      - Lastname: Carrillo
      - Email: jcarrillo@gmail.com
    
12:51:46 PM: DEBUG [Persona.py:58] 
      - Person ID: 1
      - Name: None
      - Lastname: None
      - Email: None
    
12:52:29 PM: DEBUG [Persona.py:54] 
      - Person ID: 1
      - Name: Joan
      - Lastname: Carrillo
      - Email: jcarrillo@gmail.com
    
12:52:29 PM: DEBUG [Persona.py:61] 
      - Person ID: 1
      - Name: None
      - Lastname: None
      - Email: None
    
12:52:44 PM: DEBUG [Persona.py:54] 
      - Person ID: 1
      - Name: Joan
      - Lastname: Carrillo
      - Email: jcarrillo@gmail.com
    
12:52:44 PM: DEBUG [Persona.py:62] 
      - Person ID: 1
      - Name: None
      - Lastname: None
      - Email: None
    
12:53:00 PM: DEBUG [Persona.py:54] 
      - Person ID: 1
      - Name: Joan
      - Lastname: Carrillo
      - Email: jcarrillo@gmail.com
    
12:53:00 PM: DEBUG [Persona.py:58] 
      - Person ID: None
      - Name: Joan
      - Lastname: Carrillo
      - Email: jcarrillo@gmail.com
    
12:53:00 PM: DEBUG [Persona.py:62] 
      - Person ID: 1
      - Name: None
      - Lastname: None
      - Email: None
    
07:12:14 PM: DEBUG [Persona.py:54] 
      - Person ID: 1
      - Name: Joan
      - Lastname: Carrillo
      - Email: jcarrillo@gmail.com
    
07:12:14 PM: DEBUG [Persona.py:58] 
      - Person ID: None
      - Name: Joan
      - Lastname: Carrillo
      - Email: jcarrillo@gmail.com
    
07:12:14 PM: DEBUG [Persona.py:62] 
      - Person ID: 1
      - Name: None
      - Lastname: None
      - Email: None
    
07:29:09 PM: ERROR [conexion.py:27] Ocurrio un error creando la conexi贸n: invalid dsn: invalid connection option "username"

07:31:11 PM: DEBUG [conexion.py:25] Conexi贸n con la base de datos establecida exitosamente. <connection object at 0x0000013662E22CE0; dsn: 'user=postgres password=xxx dbname=python_postgres host=127.0.0.1 port=5432', closed: 0>
07:31:19 PM: ERROR [conexion.py:27] Ocurrio un error creando la conexi贸n: connection to server at "127.0.0.1", port 5432 failed: FATAL:  password authentication failed for user "postgres"

07:31:26 PM: DEBUG [conexion.py:25] Conexi贸n con la base de datos establecida exitosamente. <connection object at 0x00000251F0862CE0; dsn: 'user=postgres password=xxx dbname=python_postgres host=127.0.0.1 port=5432', closed: 0>
